C51 COMPILER V9.60.7.0   CC6903                                                            04/27/2025 16:58:32 PAGE 1   


C51 COMPILER V9.60.7.0, COMPILATION OF MODULE CC6903
OBJECT MODULE PLACED IN ..\Output\cc6903.obj
COMPILER INVOKED BY: D:\APP\Keil_v5\C51\BIN\C51.EXE ..\BSP\Src\cc6903.c LARGE OPTIMIZE(8,SPEED) BROWSE INCDIR(..\BSP\Inc
                    -;..\Core\Inc;..\Driver;..\Emembed\Inc;..\SYSTEM\Inc) DEBUG OBJECTEXTEND PRINT(.\Listings\cc6903.lst) OBJECT(..\Output\cc
                    -6903.obj)

line level    source

   1          #include "cc6903.h"
   2          
   3          CURRENT current;
   4          
   5          void current_init( void )
   6          {
   7   1          current.current1 = 1360;
   8   1          current.current2 = 1360;
   9   1          current.current3 = 1360;
  10   1      }
  11          /**
  12           * @brief       获取电流值
  13           *
  14           * @param   channel_x：电流通道1~3
  15           *
  16           * @return  current 
  17          **/
  18          uint16_t get_current( uint8_t channel_x)
  19          {
  20   1          uint16_t adc_val = 0;
  21   1          uint8_t t;
  22   1      
  23   1          /* 1, 取10次adc_val                           */
  24   1          for( t = 0; t < 15; t++ )
  25   1          {
  26   2              adc_val += Get_ADC_12bit(channel_x);
  27   2          }
  28   1          adc_val = adc_val/15;
  29   1          
  30   1          return adc_val;
  31   1      }


MODULE INFORMATION:   STATIC OVERLAYABLE
   CODE SIZE        =     95    ----
   CONSTANT SIZE    =   ----    ----
   XDATA SIZE       =      6       4
   PDATA SIZE       =   ----    ----
   DATA SIZE        =   ----    ----
   IDATA SIZE       =   ----    ----
   BIT SIZE         =   ----    ----
END OF MODULE INFORMATION.


C51 COMPILATION COMPLETE.  0 WARNING(S),  0 ERROR(S)
