C51 COMPILER V9.60.7.0   COMMUNICATION                                                     04/02/2025 22:31:31 PAGE 1   


C51 COMPILER V9.60.7.0, COMPILATION OF MODULE COMMUNICATION
OBJECT MODULE PLACED IN ..\Output\communication.obj
COMPILER INVOKED BY: D:\APP\Keil_STM32\C51\BIN\C51.EXE ..\BSP\Src\communication.c LARGE OPTIMIZE(8,SPEED) BROWSE INCDIR(
                    -..\BSP\Inc;..\Core\Inc;..\Driver;..\Emembed\Inc;..\SYSTEM\Inc) DEBUG OBJECTEXTEND PRINT(.\Listings\communication.lst) OB
                    -JECT(..\Output\communication.obj)

line level    source

   1          #include "communication.h"
   2          
   3          RS485 rs485;
   4          uint8_t TX3_busy_Flag = 0;
   5          
   6          /**
   7           * @brief       串口2调用结构体 rs485 初始化
   8           *
   9           * @param   
  10           *
  11           * @return  void
  12          **/
  13          void Uart2_Send_Statu_Init( void )
  14          {
  15   1          rs485.TX2_busy_Flag = 0;
  16   1          rs485.RX2_rev_end_Flag = 0;
  17   1          rs485.TX2_buf[128] = 0;
  18   1          rs485.RX2_buf[128] = 0;
  19   1          rs485.TX2_send_bytelength = 0;
  20   1          rs485.TX2_send_cnt = 0;
  21   1          rs485.RX2_rev_timeout = 0;
  22   1          rs485.RX2_rev_cnt = 0;
  23   1          DR2 = 0;
  24   1          rs485.send_scan_flag = 0;
  25   1      }
  26          
  27          /**
  28           * @brief       串口2中断处理函数
  29           *
  30           * @param   
  31           *
  32           * @return  void
  33          **/
  34          void Uart2_ISR() interrupt 8 
  35          {   
  36   1          /* 1, 检测到硬件将S2TI置1，即发送完毕                       */
  37   1          if( S2CON & S2TI )          //
  38   1          {
  39   2              /* 2, 软件将S2TI清零，等待发送标志位重置，可继续发送    */
  40   2              S2CON &= ~S2TI;         
  41   2              rs485.TX2_busy_Flag = 0;
  42   2              
  43   2              /* 3, 依次将TX2_buf中数据送出（写S2BUF操作即为发送）    */
  44   2              if( rs485.TX2_send_bytelength != 0 )
  45   2              {
  46   3                  S2BUF = rs485.TX2_buf[rs485.TX2_send_cnt++];
  47   3                  rs485.TX2_send_bytelength--;
  48   3              }else
  49   2              {
  50   3                  rs485.TX2_send_cnt = 0;
  51   3                  DR2 = 0;
  52   3              }
  53   2          }
C51 COMPILER V9.60.7.0   COMMUNICATION                                                     04/02/2025 22:31:31 PAGE 2   

  54   1          
  55   1          /* 1, 检测到硬件将S2RI置1，即接收完毕                       */
  56   1          if( S2CON & S2RI )
  57   1          {
  58   2              /* 2, 软件将S2RI清零，等待接收标志位重置，可继续发送    */
  59   2              S2CON &= ~S2RI;
  60   2              /* 3, 判断数据包是否接收完毕                           */
  61   2              if( !rs485.RX2_rev_end_Flag )
  62   2              {
  63   3                  /* 4, 数据包大于RX_buf 则从头计数                  */
  64   3                  if( rs485.RX2_rev_cnt > 128 )
  65   3                  {
  66   4                      rs485.RX2_rev_cnt = 0;
  67   4                  }
  68   3      
  69   3                  /* 5, 依次将RX2_buf中数据接收（读S2BUF操作即为接收）*/
  70   3                  rs485.RX2_buf[rs485.RX2_rev_cnt] = S2BUF;
  71   3                  rs485.RX2_rev_cnt++;
  72   3              }
  73   2              /* 6, 重置接收完毕判断时间                              */
  74   2              rs485.RX2_rev_timeout = 50;
  75   2          }
  76   1      }
  77          
  78          /**
  79           * @brief       是否接收完毕判断函数
  80           *
  81           * @param   
  82           *
  83           * @return  void
  84          **/
  85          void Tim0_ISR( void ) interrupt 1   //1ms
  86          {
  87   1          /* 1, 如果接收未超时                                             */
  88   1          if ( rs485.RX2_rev_timeout != 0 )  
  89   1          {
  90   2              rs485.RX2_rev_timeout--;
  91   2              /* 2, 如果接收超时                                          */
  92   2              if( rs485.RX2_rev_timeout == 0 )  
  93   2              {
  94   3                  if( rs485.RX2_rev_cnt > 0 )  
  95   3                  {   
  96   4                       /* 3, 接收完毕标志位亮起并初始化接收缓冲区         */
  97   4                      rs485.RX2_rev_end_Flag = 1;    
  98   4                  }
  99   3              }
 100   2          } 
 101   1      }
 102          
 103          
 104          /**
 105           * @brief       串口3中断处理函数
 106           *
 107           * @param   
 108           *
 109           * @return  void
 110          **/
 111          void Uart3_ISR() interrupt 17
 112          {
 113   1          if (S3CON & S3TI)                //在停止位开始发送时，该位置1
 114   1          {
 115   2              S3CON &= ~S3TI;                              //清除S3CON寄存器对应S3TI位（该位必须软件清零）
C51 COMPILER V9.60.7.0   COMMUNICATION                                                     04/02/2025 22:31:31 PAGE 3   

 116   2              TX3_busy_Flag = 0;
 117   2          }
 118   1      
 119   1          if (S3CON & S3RI)                //串行接收到停止位的中间时刻时，该位置1
 120   1          {
 121   2              S3CON &= ~S3RI;              //清除S3CON寄存器对应S3RI位（该位必须软件清零） 
 122   2          }
 123   1      }
 124          
 125          // /**
 126          //  * @brief    串口3发送1字节数据
 127          //  *
 128          //  * @param   
 129          //  *
 130          //  * @return  void
 131          // **/
 132          // void Uart3_Sendbyte( uint8_t dat )
 133          // {
 134          //     while( TX3_busy_Flag );
 135          //     TX3_busy_Flag = 1;
 136          //     S3BUF = dat;
 137          // }
 138          
 139          // /**
 140          //  * @brief    串口3发送字符串
 141          //  *
 142          //  * @param   
 143          //  *
 144          //  * @return  void
 145          // **/
 146          // void Uart3_SendStr( uint8_t *sendstr )
 147          // {   
 148          //     while(*sendstr)
 149          //     {
 150          //         Uart3_Sendbyte(*sendstr++);
 151          //     }
 152          // }
 153          
 154          /**
 155           * @brief       串口重定向
 156           *
 157           * @param   c:字符串
 158           *
 159           * @return  c
 160          **/
 161          char putchar(char c)  // 串口重定向需要添加头文件stdio.h
 162          {
 163   1          S3BUF = c;
 164   1          while(TX3_busy_Flag);
 165   1          TX3_busy_Flag = 1;
 166   1          return c;
 167   1      }
 168          
 169          


MODULE INFORMATION:   STATIC OVERLAYABLE
   CODE SIZE        =    271    ----
   CONSTANT SIZE    =   ----    ----
   XDATA SIZE       =    266    ----
   PDATA SIZE       =   ----    ----
   DATA SIZE        =   ----    ----
C51 COMPILER V9.60.7.0   COMMUNICATION                                                     04/02/2025 22:31:31 PAGE 4   

   IDATA SIZE       =   ----    ----
   BIT SIZE         =   ----    ----
END OF MODULE INFORMATION.


C51 COMPILATION COMPLETE.  0 WARNING(S),  0 ERROR(S)
