C51 COMPILER V9.60.7.0   EEPROM_CRL                                                        04/10/2025 14:41:52 PAGE 1   


C51 COMPILER V9.60.7.0, COMPILATION OF MODULE EEPROM_CRL
OBJECT MODULE PLACED IN ..\Output\eeprom_crl.obj
COMPILER INVOKED BY: D:\APP\Keil_v5\C51\BIN\C51.EXE ..\BSP\Src\eeprom_crl.c LARGE OPTIMIZE(8,SPEED) BROWSE INCDIR(..\BSP
                    -\Inc;..\Core\Inc;..\Driver;..\Emembed\Inc;..\SYSTEM\Inc) DEBUG OBJECTEXTEND PRINT(.\Listings\eeprom_crl.lst) OBJECT(..\O
                    -utput\eeprom_crl.obj)

line level    source

   1          #include "eeprom_crl.h"
   2          
   3          EEPROM_INFO eeprom;
   4          
   5          /**
   6           * @brief       eeprom状态判定，是否写入过
   7           *
   8           * @param   
   9           *
  10           * @return  void
  11          **/
  12          void eeprom_statu_judge( void )
  13          {
  14   1          uint8_t eeprom_statu_flag;
  15   1      
  16   1          eeprom_statu_flag = ISP_Read(EEPROM_STATU_JUDGE);
  17   1          //printf("The value of eeprom_statu_flag is 0x%02x \r\n",(int)eeprom_statu_flag);
  18   1          if( eeprom_statu_flag == 0xFF)
  19   1          {
  20   2              eeprom.pwm_info          = 0x03;          //011 011 11 pwm7、8默认开，3档风速
  21   2              eeprom.led_info          = 0x0f;          //0000000 1  led默认开
  22   2              //eeprom.ac220_info        = 0xC9;          //0110010 1  220V_CH4默认开，50%功率
  23   2              eeprom.temp_alarm_value1 = 0x2D;          //NTC1 alarm value 默认80℃
  24   2              eeprom.temp_alarm_value2 = 0x2D;          //NTC2 alarm value 默认80℃  
  25   2              eeprom.temp_alarm_value3 = 0x2D;          //NTC3 alarm value 默认80℃ 
  26   2      
  27   2      
  28   2              eeprom_data_record(); 
  29   2          }
  30   1          eeprom_data_init();    
  31   1      }
  32          
  33          /**
  34           * @brief       eeprom 数据写入
  35           *
  36           * @param   
  37           *
  38           * @return  void
  39          **/
  40          void eeprom_data_record( void )
  41          {
  42   1          ISP_Earse(0x0000);
  43   1      
  44   1          ISP_Write(PWM_ADDR_EEPROM,eeprom.pwm_info);
  45   1          ISP_Write(LED_ADDR_EEPROM,eeprom.led_info);
  46   1          //ISP_Write(AC220_ADDR_EEPROM,eeprom.ac220_info);
  47   1          ISP_Write(TEMP_ALARM1,eeprom.temp_alarm_value1);
  48   1          ISP_Write(TEMP_ALARM2,eeprom.temp_alarm_value2);
  49   1          ISP_Write(TEMP_ALARM3,eeprom.temp_alarm_value3);
  50   1      
  51   1          ISP_Write(EEPROM_STATU_JUDGE,0x58);
  52   1      
  53   1          // printf("The value of 0 is : 0x%02x \r\n",(int)eeprom.pwm_info);
C51 COMPILER V9.60.7.0   EEPROM_CRL                                                        04/10/2025 14:41:52 PAGE 2   

  54   1          // printf("The value of 1 is : 0x%02x \r\n",(int)eeprom.led_info);
  55   1          // printf("The value of 2 is : 0x%02x \r\n",(int)eeprom.ac220_info);
  56   1          // printf("The value of 3 is : 0x%02x \r\n",(int)eeprom.temp_alarm_value1);
  57   1          // printf("The value of 4 is : 0x%02x \r\n",(int)eeprom.temp_alarm_value2);
  58   1          // printf("The value of 5 is : 0x%02x \r\n",(int)eeprom.temp_alarm_value3);
  59   1      }
  60          
  61          /**
  62           * @brief       eeprom 数据初始化
  63           *
  64           * @param   
  65           *
  66           * @return  void
  67          **/
  68          void eeprom_data_init( void )
  69          {
  70   1          /*    PWM7、PWM8 风速及开关状态初始化    */
  71   1          eeprom.pwm_info = ISP_Read(PWM_ADDR_EEPROM);
  72   1      
  73   1          PWMB_CCR7 = PWMB_CCR8 = eeprom.pwm_info * 184;
  74   1          /*    LED、AC220V三路 开关状态初始化    */
  75   1          eeprom.led_info = ISP_Read(LED_ADDR_EEPROM);
  76   1          if( eeprom.led_info & 0X01 )
  77   1          {
  78   2              DC_24V_out(1);
  79   2          }else
  80   1          {
  81   2              DC_24V_out(0);
  82   2          }
  83   1          ac_220.ac220_out1_flag = ((eeprom.led_info >> 1) & 0x01);
  84   1          ac_220.ac220_out2_flag = ((eeprom.led_info >> 2) & 0x01);
  85   1          ac_220.ac220_out3_flag = ((eeprom.led_info >> 3) & 0x01);
  86   1      
  87   1          
  88   1      
  89   1          /*    三路NTC alarm value初始化    */
  90   1          eeprom.temp_alarm_value1 = ISP_Read(TEMP_ALARM1);
  91   1          eeprom.temp_alarm_value2 = ISP_Read(TEMP_ALARM2);
  92   1      
  93   1      
  94   1          eeprom.temp_alarm_value3 = ISP_Read(TEMP_ALARM3);
  95   1      
  96   1          temp.temp_alarm_value1 = eeprom.temp_alarm_value1;
  97   1          temp.temp_alarm_value2 = eeprom.temp_alarm_value2;
  98   1          temp.temp_alarm_value3 = eeprom.temp_alarm_value3;
  99   1      }


MODULE INFORMATION:   STATIC OVERLAYABLE
   CODE SIZE        =    259    ----
   CONSTANT SIZE    =   ----    ----
   XDATA SIZE       =      6    ----
   PDATA SIZE       =   ----    ----
   DATA SIZE        =   ----    ----
   IDATA SIZE       =   ----    ----
   BIT SIZE         =   ----    ----
END OF MODULE INFORMATION.


C51 COMPILATION COMPLETE.  0 WARNING(S),  0 ERROR(S)
