C51 COMPILER V9.60.7.0   POWER_CRL                                                         03/24/2025 15:03:55 PAGE 1   


C51 COMPILER V9.60.7.0, COMPILATION OF MODULE POWER_CRL
OBJECT MODULE PLACED IN ..\Output\power_crl.obj
COMPILER INVOKED BY: D:\APP\Keil_v5\C51\BIN\C51.EXE ..\BSP\Src\power_crl.c LARGE OPTIMIZE(8,SPEED) BROWSE INCDIR(..\BSP\
                    -Inc;..\Core\Inc;..\Driver;..\Emembed\Inc;..\SYSTEM\Inc) DEBUG OBJECTEXTEND PRINT(.\Listings\power_crl.lst) OBJECT(..\Out
                    -put\power_crl.obj)

line level    source

   1          #include "power_crl.h"
   2          
   3          AC_220 ac_220;
   4          
   5          /**
   6           * @brief       移相触发调用结构体初始化
   7           *
   8           * @param   
   9           *
  10           * @return  void
  11          **/
  12          void Power_Statu_Init( void )
  13          {
  14   1          ac_220.zero_flag  = 0;
  15   1          AC_Out1 = AC_Out2 = AC_Out3 = 1;
  16   1          AC_Out4 = 1;
  17   1      }
  18          
  19          /**
  20           * @brief       外部中断0中断处理函数
  21           *
  22           * @param   
  23           *
  24           * @return  void
  25          **/
  26          void INT2_ISR( void ) interrupt 10
  27          {
  28   1          /* 1, 检测到外部中断后，等待THL\TLI后触发TIM1中断       */
  29   1          TL1 = ac_220.time_delay;                            
  30   1              TH1 = ac_220.time_delay >> 8;                           
  31   1      
  32   1          ac_220.zero_flag = 1;
  33   1      
  34   1          /* 2, 定时器1开始计时，打开TIM1中断                     */
  35   1          TR1 = 1;                                 
  36   1          ET1 = 1; 
  37   1      }
  38          
  39          /**
  40           * @brief       Timer1中断处理函数
  41           *
  42           * @param   
  43           *
  44           * @return  void
  45          **/
  46          void Tim1_ISR( void ) interrupt 3   //1ms
  47          {
  48   1          /* 1, 中断触发后，power_ch电平 由高电平变为低电平           */
  49   1          if( ac_220.zero_flag == 1 )
  50   1          {
  51   2              ac_220.zero_flag = 0;
  52   2              AC_Out4 = 0;
  53   2      
C51 COMPILER V9.60.7.0   POWER_CRL                                                         03/24/2025 15:03:55 PAGE 2   

  54   2               /* 2, 设置下一次Timer1中断触发所需时间，即脉冲时间       */
  55   2              TL1 = 0xF7;                             
  56   2              TH1 = 0xFF;                             
  57   2          }else
  58   1          {
  59   2              /* 3, 下一次进入Timer1中断，power_ch电平 由低电平变为高电平，完成一次10us
             -冲，即斩波*/
  60   2              AC_Out4 = 1;
  61   2      
  62   2              /* 4, 定时器1停止计时，关闭TIM1中断，等待下一次外部中断     */
  63   2              TR1 = 0;                                    
  64   2              ET1 = 0; 
  65   2          }
  66   1      }
  67          
  68          /**
  69           * @brief       220V输出功率控制函数 
  70           *
  71           * @param   power_level：输出功率百分比  0%~100%
  72           *
  73           * @return  void
  74          **/
  75          void AC_220V_out( uint8_t power_level )
  76          {
  77   1          ac_220.time_delay = 58000 + 75*power_level;
  78   1      }
  79          
  80          /**
  81           * @brief       24V LED开关控制函数
  82           *
  83           * @param   on_off：0：关闭 1：开启
  84           *
  85           * @return  void
  86          **/
  87          void DC_24V_out( uint8_t on_off )
  88          {
  89   1          if( on_off == 1 )
  90   1          {
  91   2              DC_24V = 0;
  92   2          }else
  93   1          {
  94   2              DC_24V = 1;
  95   2          }
  96   1      }
  97          


MODULE INFORMATION:   STATIC OVERLAYABLE
   CODE SIZE        =    132    ----
   CONSTANT SIZE    =   ----    ----
   XDATA SIZE       =      7    ----
   PDATA SIZE       =   ----    ----
   DATA SIZE        =   ----    ----
   IDATA SIZE       =   ----    ----
   BIT SIZE         =   ----    ----
END OF MODULE INFORMATION.


C51 COMPILATION COMPLETE.  0 WARNING(S),  0 ERROR(S)
