C51 COMPILER V9.60.7.0   TIM                                                               04/27/2025 16:58:31 PAGE 1   


C51 COMPILER V9.60.7.0, COMPILATION OF MODULE TIM
OBJECT MODULE PLACED IN ..\Output\tim.obj
COMPILER INVOKED BY: D:\APP\Keil_v5\C51\BIN\C51.EXE ..\Core\Src\tim.c LARGE OPTIMIZE(8,SPEED) BROWSE INCDIR(..\BSP\Inc;.
                    -.\Core\Inc;..\Driver;..\Emembed\Inc;..\SYSTEM\Inc) DEBUG OBJECTEXTEND PRINT(.\Listings\tim.lst) OBJECT(..\Output\tim.obj
                    -)

line level    source

   1          #include "tim.h"
   2          
   3          /**
   4           * @brief       外部中断2初始化函数
   5           *
   6           * @param   
   7           *
   8           * @return  void
   9          **/
  10          void INT2_Init( void )
  11          {
  12   1          INTCLKO |= 0X10;                            //使能INT2中断
  13   1      }
  14          /**
  15           * @brief       Timer0初始化函数
  16           *
  17           * @param   
  18           *
  19           * @return  void
  20          **/
  21          void Timer0_Init( void )         //1ms@11.0592MHz   16位手动重装载
  22          {
  23   1              AUXR |= 0x80;                    //定时器时钟1T模式
  24   1              TMOD &= 0xF0;                    //设置定时器模式
  25   1              TL0   = 0xCD;                    //设置定时初始值
  26   1              TH0   = 0xD4;            //设置定时初始值
  27   1              TF0   = 0;                               //清除TF0标志
  28   1              TR0   = 1;                               //定时器0开始计时
  29   1      
  30   1          ET0   = 1;                           //打开IE-ET0，TIM0中断
  31   1      }
  32          
  33          /**
  34           * @brief       Timer1初始化函数
  35           *
  36           * @param   
  37           *
  38           * @return  void
  39          **/
  40          void Timer1_Init( void )                //10ms@11.0592Mhz   16位手动重装载
  41          {   
  42   1              AUXR &= 0xBF;                   //定时器时钟12T模式
  43   1              TMOD &= 0x0F;                   //设置定时器模式
  44   1              TMOD |= 0x10;                   //设置定时器模式   手动/自动开关
  45   1      }
  46          
  47          /**
  48           * @brief       Timer4初始化函数
  49           *
  50           * @param   
  51           *
  52           * @return  void
  53          **/
C51 COMPILER V9.60.7.0   TIM                                                               04/27/2025 16:58:31 PAGE 2   

  54          void Timer4_Init( void )                //10ms@11.0592MHz    16位自动重装载
  55          {
  56   1              T4T3M &= 0xDF;                  //定时器时钟12T模式
  57   1              T4L = 0x00;                             //设置定时初始值
  58   1              T4H = 0xDC;                             //设置定时初始值
  59   1              T4T3M |= 0x80;                  //定时器4开始计时
  60   1      
  61   1              IE2  |=  0x40;                  //打开IE2-ET4，TIM4中断
  62   1      }


MODULE INFORMATION:   STATIC OVERLAYABLE
   CODE SIZE        =     49    ----
   CONSTANT SIZE    =   ----    ----
   XDATA SIZE       =   ----    ----
   PDATA SIZE       =   ----    ----
   DATA SIZE        =   ----    ----
   IDATA SIZE       =   ----    ----
   BIT SIZE         =   ----    ----
END OF MODULE INFORMATION.


C51 COMPILATION COMPLETE.  0 WARNING(S),  0 ERROR(S)
